<?xml version="1.0" encoding="UTF-8"?>
<testsuite name="org.example.PSD001AssetContractTest" tests="1" skipped="0" failures="0" errors="0" timestamp="2020-09-28T20:16:05" hostname="USMBP13pbooth-2.local" time="0.576">
  <properties/>
  <testcase name="assetDelete()" classname="org.example.PSD001AssetContractTest" time="0.576"/>
  <system-out><![CDATA[]]></system-out>
  <system-err><![CDATA[]]></system-err>
</testsuite>
